12:54:00 **** Rebuild of configuration Debug for project antenna_omnidirectionnal ****
Info: Internal Builder is used for build
gcc -I../../../wsnet_ec/include "-IC:\\Users\\Gisele\\workspace_wsnet/wsnet_ec/include" -O0 -g3 -Wall -c -fmessage-length=0 -o omnidirectionnal.o "..\\omnidirectionnal.c" 
gcc -shared -o libantenna_omnidirectionnal.dll omnidirectionnal.o 
cp libantenna_omnidirectionnal.dll "C:\\Users\\Gisele\\workspace_wsnet/lib/" 
12:54:01 **** Rebuild of configuration Debug for project application_cbr ****
Info: Internal Builder is used for build
gcc "-IC:\\Users\\Gisele\\workspace_wsnet/wsnet_ec/include" -O0 -g3 -Wall -c -fmessage-length=0 -o cbr.o "..\\cbr.c" 
gcc -shared -o libapplication_cbr.dll cbr.o 
cp libapplication_cbr.dll "C:\\Users\\Gisele\\workspace_wsnet/lib/" 
12:54:02 **** Rebuild of configuration Debug for project application_hello ****
Info: Internal Builder is used for build
gcc "-IC:\\Users\\Gisele\\workspace_wsnet/wsnet_ec/include" -O0 -g3 -Wall -c -fmessage-length=0 -o hello.o "..\\hello.c" 
gcc -shared -o libapplication_hello.dll hello.o 
cp libapplication_hello.dll "C:\\Users\\Gisele\\workspace_wsnet/lib/" 
12:54:03 **** Rebuild of configuration Debug for project interferences_orthogonal ****
Info: Internal Builder is used for build
gcc "-IC:\\Users\\Gisele\\workspace_wsnet/wsnet_ec/include" -O0 -g3 -Wall -c -fmessage-length=0 -o orthogonal.o "..\\orthogonal.c" 
gcc -shared -o libinterferences_orthogonal.dll orthogonal.o 
cp libinterferences_orthogonal.dll "C:\\Users\\Gisele\\workspace_wsnet/lib/" 
12:54:04 **** Rebuild of configuration Debug for project mobility_filestatic ****
Info: Internal Builder is used for build
gcc "-IC:\\Users\\Gisele\\workspace_wsnet/wsnet_ec/include" -O0 -g3 -Wall -c -fmessage-length=0 -o filestatic.o "..\\filestatic.c" 
gcc -shared -o libmobility_filestatic.dll filestatic.o 
cp libmobility_filestatic.dll "C:\\Users\\Gisele\\workspace_wsnet/lib/" 
12:54:04 **** Rebuild of configuration Debug for project mobility_static ****
Info: Internal Builder is used for build
gcc "-IC:\\Users\\Gisele\\workspace_wsnet/wsnet_ec/include" -O0 -g3 -Wall -c -fmessage-length=0 -o static.o "..\\static.c" 
gcc -shared -o libmobility_static.dll static.o 
cp libmobility_static.dll "C:\\Users\\Gisele\\workspace_wsnet/lib/" 
12:54:05 **** Rebuild of configuration Debug for project modulation_none ****
Info: Internal Builder is used for build
gcc "-IC:\\Users\\Gisele\\workspace_wsnet/wsnet_ec/include" -O0 -g3 -Wall -c -fmessage-length=0 -o none.o "..\\none.c" 
gcc -shared -o libmodulation_none.dll none.o 
cp libmodulation_none.dll "C:\\Users\\Gisele\\workspace_wsnet/lib/" 
12:54:06 **** Rebuild of configuration Debug for project propagation_range ****
Info: Internal Builder is used for build
gcc "-IC:\\Users\\Gisele\\workspace_wsnet/wsnet_ec/include" -O0 -g3 -Wall -c -fmessage-length=0 -o range.o "..\\range.c" 
gcc -shared -o libpropagation_range.dll range.o 
cp libpropagation_range.dll "C:\\Users\\Gisele\\workspace_wsnet/lib/" 
12:54:07 **** Rebuild of configuration Debug for project radio_half1d ****
Info: Internal Builder is used for build
gcc "-IC:\\Users\\Gisele\\workspace_wsnet/wsnet_ec/include" -O0 -g3 -Wall -c -fmessage-length=0 -o half1d.o "..\\half1d.c" 
gcc -shared -o libradio_half1d.dll half1d.o 
cp libradio_half1d.dll "C:\\Users\\Gisele\\workspace_wsnet/lib/" 
Info: Nothing to build for antenna_omnidirectionnal
Info: Nothing to build for application_cbr
Info: Nothing to build for application_hello
Info: Nothing to build for interferences_orthogonal
Info: Nothing to build for mobility_filestatic
Info: Nothing to build for mobility_static
Info: Nothing to build for modulation_none
Info: Nothing to build for propagation_range
Info: Nothing to build for radio_half1d
Info: Nothing to build for wsnet_ec
13:18:15 **** Clean-only build of configuration Debug for project antenna_omnidirectionnal ****
rm -rf libantenna_omnidirectionnal.dll omnidirectionnal.d omnidirectionnal.o 
13:18:15 **** Clean-only build of configuration Debug for project application_cbr ****
rm -rf libapplication_cbr.dll cbr.d cbr.o 
13:18:16 **** Clean-only build of configuration Debug for project application_hello ****
rm -rf libapplication_hello.dll hello.d hello.o 
13:18:16 **** Clean-only build of configuration Debug for project interferences_orthogonal ****
rm -rf orthogonal.d orthogonal.o libinterferences_orthogonal.dll 
13:18:16 **** Clean-only build of configuration Debug for project mobility_filestatic ****
rm -rf libmobility_filestatic.dll filestatic.o filestatic.d 
13:18:16 **** Clean-only build of configuration Debug for project mobility_static ****
rm -rf static.o libmobility_static.dll static.d 
13:18:16 **** Clean-only build of configuration Debug for project modulation_none ****
rm -rf none.o none.d libmodulation_none.dll 
13:18:17 **** Clean-only build of configuration Debug for project propagation_range ****
rm -rf libpropagation_range.dll range.d range.o 
13:18:17 **** Clean-only build of configuration Debug for project radio_half1d ****
rm -rf half1d.o libradio_half1d.dll half1d.d 
13:18:17 **** Clean-only build of configuration Debug for project wsnet_ec ****
rm -rf src/topology.d src/entity.d src/param.o src/entity.o src/param.d libraries/hadas/hash/hadas.o src/topology.o libraries/spadas/grid/spadas.o libraries/worldsens/wsens_srv.o src/config.o src/config.d libraries/hadas/hash/hadas.d libraries/worldsens/wsens_srv.d libraries/spadas/grid/spadas.d src/scheduler/local/scheduler.o libraries/worldsens/worldsens_pkt.o libraries/worldsens/worldsens_pkt.d src/monitor.d src/scheduler/local/scheduler.d src/ioctl_message.d src/ioctl_message.o src/monitor.o src/environment_config.o src/bundle_config.d src/modelutils.d src/bundle_config.o src/environment_config.d src/node_config.d src/node_config.o src/modelutils.o wsnet_ec.exe src/entity_config.o src/bundle.o src/bundle.d src/entity_config.d src/packet.d src/packet.o src/antenna.o src/probabilistic_distribution.d src/noise.o libraries/sodas/heap/sodas.d src/medium.o src/measure.d src/battery.o src/battery.d src/measure.o src/noise.d libraries/das/list/das.d src/antenna.d libraries/das/list/das.o libraries/sodas/heap/sodas.o src/medium.d src/rng.d src/wsnet_2.d src/wsnet_2.o src/radio.d src/mobility.o src/modulation.o src/measure_config.o src/radio.o src/mobility.d src/measure_config.d libraries/timer/timer.o src/rng.o libraries/timer/timer.d src/modulation.d libraries/mem_fs/malloc/mem_fs.o libraries/mem_fs/malloc/mem_fs.d src/node.d src/node.o src/probabilistic_distribution.o 
13:18:22 **** Rebuild of configuration Debug for project antenna_omnidirectionnal ****
Info: Internal Builder is used for build
gcc -I../../../wsnet_ec/include "-IC:\\Users\\Gisele\\workspace_wsnet_git\\wsnet_ec\\workspace_wsnet/wsnet_ec/include" -O0 -g3 -Wall -c -fmessage-length=0 -o omnidirectionnal.o "..\\omnidirectionnal.c" 
gcc -shared -o libantenna_omnidirectionnal.dll omnidirectionnal.o 
cp libantenna_omnidirectionnal.dll "C:\\Users\\Gisele\\workspace_wsnet_git\\wsnet_ec\\workspace_wsnet/lib/" 
13:18:23 **** Rebuild of configuration Debug for project application_cbr ****
Info: Internal Builder is used for build
gcc "-IC:\\Users\\Gisele\\workspace_wsnet_git\\wsnet_ec\\workspace_wsnet/wsnet_ec/include" -O0 -g3 -Wall -c -fmessage-length=0 -o cbr.o "..\\cbr.c" 
gcc -shared -o libapplication_cbr.dll cbr.o 
cp libapplication_cbr.dll "C:\\Users\\Gisele\\workspace_wsnet_git\\wsnet_ec\\workspace_wsnet/lib/" 
13:18:24 **** Rebuild of configuration Debug for project application_hello ****
Info: Internal Builder is used for build
gcc "-IC:\\Users\\Gisele\\workspace_wsnet_git\\wsnet_ec\\workspace_wsnet/wsnet_ec/include" -O0 -g3 -Wall -c -fmessage-length=0 -o hello.o "..\\hello.c" 
gcc -shared -o libapplication_hello.dll hello.o 
cp libapplication_hello.dll "C:\\Users\\Gisele\\workspace_wsnet_git\\wsnet_ec\\workspace_wsnet/lib/" 
13:18:25 **** Rebuild of configuration Debug for project interferences_orthogonal ****
Info: Internal Builder is used for build
gcc "-IC:\\Users\\Gisele\\workspace_wsnet_git\\wsnet_ec\\workspace_wsnet/wsnet_ec/include" -O0 -g3 -Wall -c -fmessage-length=0 -o orthogonal.o "..\\orthogonal.c" 
gcc -shared -o libinterferences_orthogonal.dll orthogonal.o 
cp libinterferences_orthogonal.dll "C:\\Users\\Gisele\\workspace_wsnet_git\\wsnet_ec\\workspace_wsnet/lib/" 
13:18:26 **** Rebuild of configuration Debug for project mobility_filestatic ****
Info: Internal Builder is used for build
gcc "-IC:\\Users\\Gisele\\workspace_wsnet_git\\wsnet_ec\\workspace_wsnet/wsnet_ec/include" -O0 -g3 -Wall -c -fmessage-length=0 -o filestatic.o "..\\filestatic.c" 
gcc -shared -o libmobility_filestatic.dll filestatic.o 
cp libmobility_filestatic.dll "C:\\Users\\Gisele\\workspace_wsnet_git\\wsnet_ec\\workspace_wsnet/lib/" 
13:18:26 **** Rebuild of configuration Debug for project mobility_static ****
Info: Internal Builder is used for build
gcc "-IC:\\Users\\Gisele\\workspace_wsnet_git\\wsnet_ec\\workspace_wsnet/wsnet_ec/include" -O0 -g3 -Wall -c -fmessage-length=0 -o static.o "..\\static.c" 
gcc -shared -o libmobility_static.dll static.o 
cp libmobility_static.dll "C:\\Users\\Gisele\\workspace_wsnet_git\\wsnet_ec\\workspace_wsnet/lib/" 
13:18:27 **** Rebuild of configuration Debug for project modulation_none ****
Info: Internal Builder is used for build
gcc "-IC:\\Users\\Gisele\\workspace_wsnet_git\\wsnet_ec\\workspace_wsnet/wsnet_ec/include" -O0 -g3 -Wall -c -fmessage-length=0 -o none.o "..\\none.c" 
gcc -shared -o libmodulation_none.dll none.o 
cp libmodulation_none.dll "C:\\Users\\Gisele\\workspace_wsnet_git\\wsnet_ec\\workspace_wsnet/lib/" 
13:18:28 **** Rebuild of configuration Debug for project propagation_range ****
Info: Internal Builder is used for build
gcc "-IC:\\Users\\Gisele\\workspace_wsnet_git\\wsnet_ec\\workspace_wsnet/wsnet_ec/include" -O0 -g3 -Wall -c -fmessage-length=0 -o range.o "..\\range.c" 
gcc -shared -o libpropagation_range.dll range.o 
cp libpropagation_range.dll "C:\\Users\\Gisele\\workspace_wsnet_git\\wsnet_ec\\workspace_wsnet/lib/" 
13:18:29 **** Rebuild of configuration Debug for project radio_half1d ****
Info: Internal Builder is used for build
gcc "-IC:\\Users\\Gisele\\workspace_wsnet_git\\wsnet_ec\\workspace_wsnet/wsnet_ec/include" -O0 -g3 -Wall -c -fmessage-length=0 -o half1d.o "..\\half1d.c" 
gcc -shared -o libradio_half1d.dll half1d.o 
cp libradio_half1d.dll "C:\\Users\\Gisele\\workspace_wsnet_git\\wsnet_ec\\workspace_wsnet/lib/" 
13:18:30 **** Rebuild of configuration Debug for project wsnet_ec ****
Info: Internal Builder is used for build
gcc -IC:/Users/Gisele/workspace_wsnet_git/wsnet_ec/workspace_wsnet/wsnet_ec/include -IC:/Users/Gisele/workspace_wsnet_git/wsnet_ec/workspace_wsnet/wsnet_ec/src "-IC:\\MinGW\\bin" "-IC:\\MinGW\\include" "-IC:\\MinGW\\include\\gsl" "-IC:\\MinGW\\include\\libxml" "-IC:\\MinGW\\include\\glib-2.0\\" -O0 -g3 -Wall -c -fmessage-length=0 -o "src\\measure.o" "..\\src\\measure.c" 
gcc -IC:/Users/Gisele/workspace_wsnet_git/wsnet_ec/workspace_wsnet/wsnet_ec/include -IC:/Users/Gisele/workspace_wsnet_git/wsnet_ec/workspace_wsnet/wsnet_ec/src "-IC:\\MinGW\\bin" "-IC:\\MinGW\\include" "-IC:\\MinGW\\include\\gsl" "-IC:\\MinGW\\include\\libxml" "-IC:\\MinGW\\include\\glib-2.0\\" -O0 -g3 -Wall -c -fmessage-length=0 -o "libraries\\worldsens\\worldsens_pkt.o" "..\\libraries\\worldsens\\worldsens_pkt.c" 
gcc -IC:/Users/Gisele/workspace_wsnet_git/wsnet_ec/workspace_wsnet/wsnet_ec/include -IC:/Users/Gisele/workspace_wsnet_git/wsnet_ec/workspace_wsnet/wsnet_ec/src "-IC:\\MinGW\\bin" "-IC:\\MinGW\\include" "-IC:\\MinGW\\include\\gsl" "-IC:\\MinGW\\include\\libxml" "-IC:\\MinGW\\include\\glib-2.0\\" -O0 -g3 -Wall -c -fmessage-length=0 -o "src\\modulation.o" "..\\src\\modulation.c" 
gcc -IC:/Users/Gisele/workspace_wsnet_git/wsnet_ec/workspace_wsnet/wsnet_ec/include -IC:/Users/Gisele/workspace_wsnet_git/wsnet_ec/workspace_wsnet/wsnet_ec/src "-IC:\\MinGW\\bin" "-IC:\\MinGW\\include" "-IC:\\MinGW\\include\\gsl" "-IC:\\MinGW\\include\\libxml" "-IC:\\MinGW\\include\\glib-2.0\\" -O0 -g3 -Wall -c -fmessage-length=0 -o "src\\ioctl_message.o" "..\\src\\ioctl_message.c" 
gcc -IC:/Users/Gisele/workspace_wsnet_git/wsnet_ec/workspace_wsnet/wsnet_ec/include -IC:/Users/Gisele/workspace_wsnet_git/wsnet_ec/workspace_wsnet/wsnet_ec/src "-IC:\\MinGW\\bin" "-IC:\\MinGW\\include" "-IC:\\MinGW\\include\\gsl" "-IC:\\MinGW\\include\\libxml" "-IC:\\MinGW\\include\\glib-2.0\\" -O0 -g3 -Wall -c -fmessage-length=0 -o "src\\radio.o" "..\\src\\radio.c" 
gcc -IC:/Users/Gisele/workspace_wsnet_git/wsnet_ec/workspace_wsnet/wsnet_ec/include -IC:/Users/Gisele/workspace_wsnet_git/wsnet_ec/workspace_wsnet/wsnet_ec/src "-IC:\\MinGW\\bin" "-IC:\\MinGW\\include" "-IC:\\MinGW\\include\\gsl" "-IC:\\MinGW\\include\\libxml" "-IC:\\MinGW\\include\\glib-2.0\\" -O0 -g3 -Wall -c -fmessage-length=0 -o "src\\modelutils.o" "..\\src\\modelutils.c" 
gcc -IC:/Users/Gisele/workspace_wsnet_git/wsnet_ec/workspace_wsnet/wsnet_ec/include -IC:/Users/Gisele/workspace_wsnet_git/wsnet_ec/workspace_wsnet/wsnet_ec/src "-IC:\\MinGW\\bin" "-IC:\\MinGW\\include" "-IC:\\MinGW\\include\\gsl" "-IC:\\MinGW\\include\\libxml" "-IC:\\MinGW\\include\\glib-2.0\\" -O0 -g3 -Wall -c -fmessage-length=0 -o "libraries\\hadas\\hash\\hadas.o" "..\\libraries\\hadas\\hash\\hadas.c" 
gcc -IC:/Users/Gisele/workspace_wsnet_git/wsnet_ec/workspace_wsnet/wsnet_ec/include -IC:/Users/Gisele/workspace_wsnet_git/wsnet_ec/workspace_wsnet/wsnet_ec/src "-IC:\\MinGW\\bin" "-IC:\\MinGW\\include" "-IC:\\MinGW\\include\\gsl" "-IC:\\MinGW\\include\\libxml" "-IC:\\MinGW\\include\\glib-2.0\\" -O0 -g3 -Wall -c -fmessage-length=0 -o "libraries\\worldsens\\wsens_srv.o" "..\\libraries\\worldsens\\wsens_srv.c" 
gcc -IC:/Users/Gisele/workspace_wsnet_git/wsnet_ec/workspace_wsnet/wsnet_ec/include -IC:/Users/Gisele/workspace_wsnet_git/wsnet_ec/workspace_wsnet/wsnet_ec/src "-IC:\\MinGW\\bin" "-IC:\\MinGW\\include" "-IC:\\MinGW\\include\\gsl" "-IC:\\MinGW\\include\\libxml" "-IC:\\MinGW\\include\\glib-2.0\\" -O0 -g3 -Wall -c -fmessage-length=0 -o "libraries\\timer\\timer.o" "..\\libraries\\timer\\timer.c" 
gcc -IC:/Users/Gisele/workspace_wsnet_git/wsnet_ec/workspace_wsnet/wsnet_ec/include -IC:/Users/Gisele/workspace_wsnet_git/wsnet_ec/workspace_wsnet/wsnet_ec/src "-IC:\\MinGW\\bin" "-IC:\\MinGW\\include" "-IC:\\MinGW\\include\\gsl" "-IC:\\MinGW\\include\\libxml" "-IC:\\MinGW\\include\\glib-2.0\\" -O0 -g3 -Wall -c -fmessage-length=0 -o "src\\noise.o" "..\\src\\noise.c" 
gcc -IC:/Users/Gisele/workspace_wsnet_git/wsnet_ec/workspace_wsnet/wsnet_ec/include -IC:/Users/Gisele/workspace_wsnet_git/wsnet_ec/workspace_wsnet/wsnet_ec/src "-IC:\\MinGW\\bin" "-IC:\\MinGW\\include" "-IC:\\MinGW\\include\\gsl" "-IC:\\MinGW\\include\\libxml" "-IC:\\MinGW\\include\\glib-2.0\\" -O0 -g3 -Wall -c -fmessage-length=0 -o "src\\topology.o" "..\\src\\topology.c" 
gcc -IC:/Users/Gisele/workspace_wsnet_git/wsnet_ec/workspace_wsnet/wsnet_ec/include -IC:/Users/Gisele/workspace_wsnet_git/wsnet_ec/workspace_wsnet/wsnet_ec/src "-IC:\\MinGW\\bin" "-IC:\\MinGW\\include" "-IC:\\MinGW\\include\\gsl" "-IC:\\MinGW\\include\\libxml" "-IC:\\MinGW\\include\\glib-2.0\\" -O0 -g3 -Wall -c -fmessage-length=0 -o "src\\medium.o" "..\\src\\medium.c" 
gcc -IC:/Users/Gisele/workspace_wsnet_git/wsnet_ec/workspace_wsnet/wsnet_ec/include -IC:/Users/Gisele/workspace_wsnet_git/wsnet_ec/workspace_wsnet/wsnet_ec/src "-IC:\\MinGW\\bin" "-IC:\\MinGW\\include" "-IC:\\MinGW\\include\\gsl" "-IC:\\MinGW\\include\\libxml" "-IC:\\MinGW\\include\\glib-2.0\\" -O0 -g3 -Wall -c -fmessage-length=0 -o "src\\bundle_config.o" "..\\src\\bundle_config.c" 
gcc -IC:/Users/Gisele/workspace_wsnet_git/wsnet_ec/workspace_wsnet/wsnet_ec/include -IC:/Users/Gisele/workspace_wsnet_git/wsnet_ec/workspace_wsnet/wsnet_ec/src "-IC:\\MinGW\\bin" "-IC:\\MinGW\\include" "-IC:\\MinGW\\include\\gsl" "-IC:\\MinGW\\include\\libxml" "-IC:\\MinGW\\include\\glib-2.0\\" -O0 -g3 -Wall -c -fmessage-length=0 -o "src\\scheduler\\local\\scheduler.o" "..\\src\\scheduler\\local\\scheduler.c" 
gcc -IC:/Users/Gisele/workspace_wsnet_git/wsnet_ec/workspace_wsnet/wsnet_ec/include -IC:/Users/Gisele/workspace_wsnet_git/wsnet_ec/workspace_wsnet/wsnet_ec/src "-IC:\\MinGW\\bin" "-IC:\\MinGW\\include" "-IC:\\MinGW\\include\\gsl" "-IC:\\MinGW\\include\\libxml" "-IC:\\MinGW\\include\\glib-2.0\\" -O0 -g3 -Wall -c -fmessage-length=0 -o "libraries\\sodas\\heap\\sodas.o" "..\\libraries\\sodas\\heap\\sodas.c" 
gcc -IC:/Users/Gisele/workspace_wsnet_git/wsnet_ec/workspace_wsnet/wsnet_ec/include -IC:/Users/Gisele/workspace_wsnet_git/wsnet_ec/workspace_wsnet/wsnet_ec/src "-IC:\\MinGW\\bin" "-IC:\\MinGW\\include" "-IC:\\MinGW\\include\\gsl" "-IC:\\MinGW\\include\\libxml" "-IC:\\MinGW\\include\\glib-2.0\\" -O0 -g3 -Wall -c -fmessage-length=0 -o "src\\wsnet_2.o" "..\\src\\wsnet_2.c" 
gcc -IC:/Users/Gisele/workspace_wsnet_git/wsnet_ec/workspace_wsnet/wsnet_ec/include -IC:/Users/Gisele/workspace_wsnet_git/wsnet_ec/workspace_wsnet/wsnet_ec/src "-IC:\\MinGW\\bin" "-IC:\\MinGW\\include" "-IC:\\MinGW\\include\\gsl" "-IC:\\MinGW\\include\\libxml" "-IC:\\MinGW\\include\\glib-2.0\\" -O0 -g3 -Wall -c -fmessage-length=0 -o "src\\probabilistic_distribution.o" "..\\src\\probabilistic_distribution.c" 
gcc -IC:/Users/Gisele/workspace_wsnet_git/wsnet_ec/workspace_wsnet/wsnet_ec/include -IC:/Users/Gisele/workspace_wsnet_git/wsnet_ec/workspace_wsnet/wsnet_ec/src "-IC:\\MinGW\\bin" "-IC:\\MinGW\\include" "-IC:\\MinGW\\include\\gsl" "-IC:\\MinGW\\include\\libxml" "-IC:\\MinGW\\include\\glib-2.0\\" -O0 -g3 -Wall -c -fmessage-length=0 -o "src\\entity.o" "..\\src\\entity.c" 
gcc -IC:/Users/Gisele/workspace_wsnet_git/wsnet_ec/workspace_wsnet/wsnet_ec/include -IC:/Users/Gisele/workspace_wsnet_git/wsnet_ec/workspace_wsnet/wsnet_ec/src "-IC:\\MinGW\\bin" "-IC:\\MinGW\\include" "-IC:\\MinGW\\include\\gsl" "-IC:\\MinGW\\include\\libxml" "-IC:\\MinGW\\include\\glib-2.0\\" -O0 -g3 -Wall -c -fmessage-length=0 -o "libraries\\mem_fs\\malloc\\mem_fs.o" "..\\libraries\\mem_fs\\malloc\\mem_fs.c" 
gcc -IC:/Users/Gisele/workspace_wsnet_git/wsnet_ec/workspace_wsnet/wsnet_ec/include -IC:/Users/Gisele/workspace_wsnet_git/wsnet_ec/workspace_wsnet/wsnet_ec/src "-IC:\\MinGW\\bin" "-IC:\\MinGW\\include" "-IC:\\MinGW\\include\\gsl" "-IC:\\MinGW\\include\\libxml" "-IC:\\MinGW\\include\\glib-2.0\\" -O0 -g3 -Wall -c -fmessage-length=0 -o "src\\node.o" "..\\src\\node.c" 
gcc -IC:/Users/Gisele/workspace_wsnet_git/wsnet_ec/workspace_wsnet/wsnet_ec/include -IC:/Users/Gisele/workspace_wsnet_git/wsnet_ec/workspace_wsnet/wsnet_ec/src "-IC:\\MinGW\\bin" "-IC:\\MinGW\\include" "-IC:\\MinGW\\include\\gsl" "-IC:\\MinGW\\include\\libxml" "-IC:\\MinGW\\include\\glib-2.0\\" -O0 -g3 -Wall -c -fmessage-length=0 -o "src\\packet.o" "..\\src\\packet.c" 
gcc -IC:/Users/Gisele/workspace_wsnet_git/wsnet_ec/workspace_wsnet/wsnet_ec/include -IC:/Users/Gisele/workspace_wsnet_git/wsnet_ec/workspace_wsnet/wsnet_ec/src "-IC:\\MinGW\\bin" "-IC:\\MinGW\\include" "-IC:\\MinGW\\include\\gsl" "-IC:\\MinGW\\include\\libxml" "-IC:\\MinGW\\include\\glib-2.0\\" -O0 -g3 -Wall -c -fmessage-length=0 -o "src\\rng.o" "..\\src\\rng.c" 
gcc -IC:/Users/Gisele/workspace_wsnet_git/wsnet_ec/workspace_wsnet/wsnet_ec/include -IC:/Users/Gisele/workspace_wsnet_git/wsnet_ec/workspace_wsnet/wsnet_ec/src "-IC:\\MinGW\\bin" "-IC:\\MinGW\\include" "-IC:\\MinGW\\include\\gsl" "-IC:\\MinGW\\include\\libxml" "-IC:\\MinGW\\include\\glib-2.0\\" -O0 -g3 -Wall -c -fmessage-length=0 -o "src\\environment_config.o" "..\\src\\environment_config.c" 
gcc -IC:/Users/Gisele/workspace_wsnet_git/wsnet_ec/workspace_wsnet/wsnet_ec/include -IC:/Users/Gisele/workspace_wsnet_git/wsnet_ec/workspace_wsnet/wsnet_ec/src "-IC:\\MinGW\\bin" "-IC:\\MinGW\\include" "-IC:\\MinGW\\include\\gsl" "-IC:\\MinGW\\include\\libxml" "-IC:\\MinGW\\include\\glib-2.0\\" -O0 -g3 -Wall -c -fmessage-length=0 -o "libraries\\das\\list\\das.o" "..\\libraries\\das\\list\\das.c" 
gcc -IC:/Users/Gisele/workspace_wsnet_git/wsnet_ec/workspace_wsnet/wsnet_ec/include -IC:/Users/Gisele/workspace_wsnet_git/wsnet_ec/workspace_wsnet/wsnet_ec/src "-IC:\\MinGW\\bin" "-IC:\\MinGW\\include" "-IC:\\MinGW\\include\\gsl" "-IC:\\MinGW\\include\\libxml" "-IC:\\MinGW\\include\\glib-2.0\\" -O0 -g3 -Wall -c -fmessage-length=0 -o "src\\param.o" "..\\src\\param.c" 
gcc -IC:/Users/Gisele/workspace_wsnet_git/wsnet_ec/workspace_wsnet/wsnet_ec/include -IC:/Users/Gisele/workspace_wsnet_git/wsnet_ec/workspace_wsnet/wsnet_ec/src "-IC:\\MinGW\\bin" "-IC:\\MinGW\\include" "-IC:\\MinGW\\include\\gsl" "-IC:\\MinGW\\include\\libxml" "-IC:\\MinGW\\include\\glib-2.0\\" -O0 -g3 -Wall -c -fmessage-length=0 -o "src\\config.o" "..\\src\\config.c" 
gcc -IC:/Users/Gisele/workspace_wsnet_git/wsnet_ec/workspace_wsnet/wsnet_ec/include -IC:/Users/Gisele/workspace_wsnet_git/wsnet_ec/workspace_wsnet/wsnet_ec/src "-IC:\\MinGW\\bin" "-IC:\\MinGW\\include" "-IC:\\MinGW\\include\\gsl" "-IC:\\MinGW\\include\\libxml" "-IC:\\MinGW\\include\\glib-2.0\\" -O0 -g3 -Wall -c -fmessage-length=0 -o "src\\battery.o" "..\\src\\battery.c" 
gcc -IC:/Users/Gisele/workspace_wsnet_git/wsnet_ec/workspace_wsnet/wsnet_ec/include -IC:/Users/Gisele/workspace_wsnet_git/wsnet_ec/workspace_wsnet/wsnet_ec/src "-IC:\\MinGW\\bin" "-IC:\\MinGW\\include" "-IC:\\MinGW\\include\\gsl" "-IC:\\MinGW\\include\\libxml" "-IC:\\MinGW\\include\\glib-2.0\\" -O0 -g3 -Wall -c -fmessage-length=0 -o "src\\monitor.o" "..\\src\\monitor.c" 
gcc -IC:/Users/Gisele/workspace_wsnet_git/wsnet_ec/workspace_wsnet/wsnet_ec/include -IC:/Users/Gisele/workspace_wsnet_git/wsnet_ec/workspace_wsnet/wsnet_ec/src "-IC:\\MinGW\\bin" "-IC:\\MinGW\\include" "-IC:\\MinGW\\include\\gsl" "-IC:\\MinGW\\include\\libxml" "-IC:\\MinGW\\include\\glib-2.0\\" -O0 -g3 -Wall -c -fmessage-length=0 -o "src\\antenna.o" "..\\src\\antenna.c" 
gcc -IC:/Users/Gisele/workspace_wsnet_git/wsnet_ec/workspace_wsnet/wsnet_ec/include -IC:/Users/Gisele/workspace_wsnet_git/wsnet_ec/workspace_wsnet/wsnet_ec/src "-IC:\\MinGW\\bin" "-IC:\\MinGW\\include" "-IC:\\MinGW\\include\\gsl" "-IC:\\MinGW\\include\\libxml" "-IC:\\MinGW\\include\\glib-2.0\\" -O0 -g3 -Wall -c -fmessage-length=0 -o "src\\node_config.o" "..\\src\\node_config.c" 
gcc -IC:/Users/Gisele/workspace_wsnet_git/wsnet_ec/workspace_wsnet/wsnet_ec/include -IC:/Users/Gisele/workspace_wsnet_git/wsnet_ec/workspace_wsnet/wsnet_ec/src "-IC:\\MinGW\\bin" "-IC:\\MinGW\\include" "-IC:\\MinGW\\include\\gsl" "-IC:\\MinGW\\include\\libxml" "-IC:\\MinGW\\include\\glib-2.0\\" -O0 -g3 -Wall -c -fmessage-length=0 -o "src\\bundle.o" "..\\src\\bundle.c" 
gcc -IC:/Users/Gisele/workspace_wsnet_git/wsnet_ec/workspace_wsnet/wsnet_ec/include -IC:/Users/Gisele/workspace_wsnet_git/wsnet_ec/workspace_wsnet/wsnet_ec/src "-IC:\\MinGW\\bin" "-IC:\\MinGW\\include" "-IC:\\MinGW\\include\\gsl" "-IC:\\MinGW\\include\\libxml" "-IC:\\MinGW\\include\\glib-2.0\\" -O0 -g3 -Wall -c -fmessage-length=0 -o "libraries\\spadas\\grid\\spadas.o" "..\\libraries\\spadas\\grid\\spadas.c" 
gcc -IC:/Users/Gisele/workspace_wsnet_git/wsnet_ec/workspace_wsnet/wsnet_ec/include -IC:/Users/Gisele/workspace_wsnet_git/wsnet_ec/workspace_wsnet/wsnet_ec/src "-IC:\\MinGW\\bin" "-IC:\\MinGW\\include" "-IC:\\MinGW\\include\\gsl" "-IC:\\MinGW\\include\\libxml" "-IC:\\MinGW\\include\\glib-2.0\\" -O0 -g3 -Wall -c -fmessage-length=0 -o "src\\measure_config.o" "..\\src\\measure_config.c" 
gcc -IC:/Users/Gisele/workspace_wsnet_git/wsnet_ec/workspace_wsnet/wsnet_ec/include -IC:/Users/Gisele/workspace_wsnet_git/wsnet_ec/workspace_wsnet/wsnet_ec/src "-IC:\\MinGW\\bin" "-IC:\\MinGW\\include" "-IC:\\MinGW\\include\\gsl" "-IC:\\MinGW\\include\\libxml" "-IC:\\MinGW\\include\\glib-2.0\\" -O0 -g3 -Wall -c -fmessage-length=0 -o "src\\mobility.o" "..\\src\\mobility.c" 
gcc -IC:/Users/Gisele/workspace_wsnet_git/wsnet_ec/workspace_wsnet/wsnet_ec/include -IC:/Users/Gisele/workspace_wsnet_git/wsnet_ec/workspace_wsnet/wsnet_ec/src "-IC:\\MinGW\\bin" "-IC:\\MinGW\\include" "-IC:\\MinGW\\include\\gsl" "-IC:\\MinGW\\include\\libxml" "-IC:\\MinGW\\include\\glib-2.0\\" -O0 -g3 -Wall -c -fmessage-length=0 -o "src\\entity_config.o" "..\\src\\entity_config.c" 
gcc -static "-LC:\\MinGW\\lib" "-LC:\\MinGW\\gtk\\lib" -o wsnet_ec.exe "src\\wsnet_2.o" "src\\topology.o" "src\\scheduler\\local\\scheduler.o" "src\\rng.o" "src\\radio.o" "src\\probabilistic_distribution.o" "src\\param.o" "src\\packet.o" "src\\noise.o" "src\\node_config.o" "src\\node.o" "src\\monitor.o" "src\\modulation.o" "src\\modelutils.o" "src\\mobility.o" "src\\medium.o" "src\\measure_config.o" "src\\measure.o" "src\\ioctl_message.o" "src\\environment_config.o" "src\\entity_config.o" "src\\entity.o" "src\\config.o" "src\\bundle_config.o" "src\\bundle.o" "src\\battery.o" "src\\antenna.o" "libraries\\worldsens\\wsens_srv.o" "libraries\\worldsens\\worldsens_pkt.o" "libraries\\timer\\timer.o" "libraries\\spadas\\grid\\spadas.o" "libraries\\sodas\\heap\\sodas.o" "libraries\\mem_fs\\malloc\\mem_fs.o" "libraries\\hadas\\hash\\hadas.o" "libraries\\das\\list\\das.o" -lglib-2.0 -lgmodule-2.0 -lintl -lws2_32 -lm -lgslcblas -lgsl -lxml2 -lwsock32 -liconv 
09:32:33 **** Incremental Build of configuration Debug for project wsnet_ec ****
Info: Internal Builder is used for build
gcc -IC:/eclipse/wsnet_ec/workspace_wsnet/wsnet_ec/include -IC:/eclipse/wsnet_ec/workspace_wsnet/wsnet_ec/src "-IC:\\MinGW\\bin" "-IC:\\MinGW\\include" "-IC:\\MinGW\\include\\gsl" "-IC:\\MinGW\\include\\libxml" "-IC:\\MinGW\\include\\glib-2.0\\" -O0 -g3 -Wall -c -fmessage-length=0 -o "src\\measure.o" "..\\src\\measure.c" 
gcc -IC:/eclipse/wsnet_ec/workspace_wsnet/wsnet_ec/include -IC:/eclipse/wsnet_ec/workspace_wsnet/wsnet_ec/src "-IC:\\MinGW\\bin" "-IC:\\MinGW\\include" "-IC:\\MinGW\\include\\gsl" "-IC:\\MinGW\\include\\libxml" "-IC:\\MinGW\\include\\glib-2.0\\" -O0 -g3 -Wall -c -fmessage-length=0 -o "src\\battery.o" "..\\src\\battery.c" 
gcc -IC:/eclipse/wsnet_ec/workspace_wsnet/wsnet_ec/include -IC:/eclipse/wsnet_ec/workspace_wsnet/wsnet_ec/src "-IC:\\MinGW\\bin" "-IC:\\MinGW\\include" "-IC:\\MinGW\\include\\gsl" "-IC:\\MinGW\\include\\libxml" "-IC:\\MinGW\\include\\glib-2.0\\" -O0 -g3 -Wall -c -fmessage-length=0 -o "src\\entity_config.o" "..\\src\\entity_config.c" 
gcc -IC:/eclipse/wsnet_ec/workspace_wsnet/wsnet_ec/include -IC:/eclipse/wsnet_ec/workspace_wsnet/wsnet_ec/src "-IC:\\MinGW\\bin" "-IC:\\MinGW\\include" "-IC:\\MinGW\\include\\gsl" "-IC:\\MinGW\\include\\libxml" "-IC:\\MinGW\\include\\glib-2.0\\" -O0 -g3 -Wall -c -fmessage-length=0 -o "src\\modulation.o" "..\\src\\modulation.c" 
gcc -IC:/eclipse/wsnet_ec/workspace_wsnet/wsnet_ec/include -IC:/eclipse/wsnet_ec/workspace_wsnet/wsnet_ec/src "-IC:\\MinGW\\bin" "-IC:\\MinGW\\include" "-IC:\\MinGW\\include\\gsl" "-IC:\\MinGW\\include\\libxml" "-IC:\\MinGW\\include\\glib-2.0\\" -O0 -g3 -Wall -c -fmessage-length=0 -o "libraries\\worldsens\\wsens_srv.o" "..\\libraries\\worldsens\\wsens_srv.c" 
gcc -IC:/eclipse/wsnet_ec/workspace_wsnet/wsnet_ec/include -IC:/eclipse/wsnet_ec/workspace_wsnet/wsnet_ec/src "-IC:\\MinGW\\bin" "-IC:\\MinGW\\include" "-IC:\\MinGW\\include\\gsl" "-IC:\\MinGW\\include\\libxml" "-IC:\\MinGW\\include\\glib-2.0\\" -O0 -g3 -Wall -c -fmessage-length=0 -o "libraries\\worldsens\\worldsens_pkt.o" "..\\libraries\\worldsens\\worldsens_pkt.c" 
gcc -IC:/eclipse/wsnet_ec/workspace_wsnet/wsnet_ec/include -IC:/eclipse/wsnet_ec/workspace_wsnet/wsnet_ec/src "-IC:\\MinGW\\bin" "-IC:\\MinGW\\include" "-IC:\\MinGW\\include\\gsl" "-IC:\\MinGW\\include\\libxml" "-IC:\\MinGW\\include\\glib-2.0\\" -O0 -g3 -Wall -c -fmessage-length=0 -o "src\\node_config.o" "..\\src\\node_config.c" 
gcc -IC:/eclipse/wsnet_ec/workspace_wsnet/wsnet_ec/include -IC:/eclipse/wsnet_ec/workspace_wsnet/wsnet_ec/src "-IC:\\MinGW\\bin" "-IC:\\MinGW\\include" "-IC:\\MinGW\\include\\gsl" "-IC:\\MinGW\\include\\libxml" "-IC:\\MinGW\\include\\glib-2.0\\" -O0 -g3 -Wall -c -fmessage-length=0 -o "src\\entity.o" "..\\src\\entity.c" 
gcc -IC:/eclipse/wsnet_ec/workspace_wsnet/wsnet_ec/include -IC:/eclipse/wsnet_ec/workspace_wsnet/wsnet_ec/src "-IC:\\MinGW\\bin" "-IC:\\MinGW\\include" "-IC:\\MinGW\\include\\gsl" "-IC:\\MinGW\\include\\libxml" "-IC:\\MinGW\\include\\glib-2.0\\" -O0 -g3 -Wall -c -fmessage-length=0 -o "src\\bundle_config.o" "..\\src\\bundle_config.c" 
gcc -IC:/eclipse/wsnet_ec/workspace_wsnet/wsnet_ec/include -IC:/eclipse/wsnet_ec/workspace_wsnet/wsnet_ec/src "-IC:\\MinGW\\bin" "-IC:\\MinGW\\include" "-IC:\\MinGW\\include\\gsl" "-IC:\\MinGW\\include\\libxml" "-IC:\\MinGW\\include\\glib-2.0\\" -O0 -g3 -Wall -c -fmessage-length=0 -o "src\\ioctl_message.o" "..\\src\\ioctl_message.c" 
gcc -IC:/eclipse/wsnet_ec/workspace_wsnet/wsnet_ec/include -IC:/eclipse/wsnet_ec/workspace_wsnet/wsnet_ec/src "-IC:\\MinGW\\bin" "-IC:\\MinGW\\include" "-IC:\\MinGW\\include\\gsl" "-IC:\\MinGW\\include\\libxml" "-IC:\\MinGW\\include\\glib-2.0\\" -O0 -g3 -Wall -c -fmessage-length=0 -o "src\\probabilistic_distribution.o" "..\\src\\probabilistic_distribution.c" 
gcc -IC:/eclipse/wsnet_ec/workspace_wsnet/wsnet_ec/include -IC:/eclipse/wsnet_ec/workspace_wsnet/wsnet_ec/src "-IC:\\MinGW\\bin" "-IC:\\MinGW\\include" "-IC:\\MinGW\\include\\gsl" "-IC:\\MinGW\\include\\libxml" "-IC:\\MinGW\\include\\glib-2.0\\" -O0 -g3 -Wall -c -fmessage-length=0 -o "libraries\\sodas\\heap\\sodas.o" "..\\libraries\\sodas\\heap\\sodas.c" 
gcc -IC:/eclipse/wsnet_ec/workspace_wsnet/wsnet_ec/include -IC:/eclipse/wsnet_ec/workspace_wsnet/wsnet_ec/src "-IC:\\MinGW\\bin" "-IC:\\MinGW\\include" "-IC:\\MinGW\\include\\gsl" "-IC:\\MinGW\\include\\libxml" "-IC:\\MinGW\\include\\glib-2.0\\" -O0 -g3 -Wall -c -fmessage-length=0 -o "libraries\\timer\\timer.o" "..\\libraries\\timer\\timer.c" 
gcc -IC:/eclipse/wsnet_ec/workspace_wsnet/wsnet_ec/include -IC:/eclipse/wsnet_ec/workspace_wsnet/wsnet_ec/src "-IC:\\MinGW\\bin" "-IC:\\MinGW\\include" "-IC:\\MinGW\\include\\gsl" "-IC:\\MinGW\\include\\libxml" "-IC:\\MinGW\\include\\glib-2.0\\" -O0 -g3 -Wall -c -fmessage-length=0 -o "src\\monitor.o" "..\\src\\monitor.c" 
gcc -IC:/eclipse/wsnet_ec/workspace_wsnet/wsnet_ec/include -IC:/eclipse/wsnet_ec/workspace_wsnet/wsnet_ec/src "-IC:\\MinGW\\bin" "-IC:\\MinGW\\include" "-IC:\\MinGW\\include\\gsl" "-IC:\\MinGW\\include\\libxml" "-IC:\\MinGW\\include\\glib-2.0\\" -O0 -g3 -Wall -c -fmessage-length=0 -o "src\\radio.o" "..\\src\\radio.c" 
gcc -IC:/eclipse/wsnet_ec/workspace_wsnet/wsnet_ec/include -IC:/eclipse/wsnet_ec/workspace_wsnet/wsnet_ec/src "-IC:\\MinGW\\bin" "-IC:\\MinGW\\include" "-IC:\\MinGW\\include\\gsl" "-IC:\\MinGW\\include\\libxml" "-IC:\\MinGW\\include\\glib-2.0\\" -O0 -g3 -Wall -c -fmessage-length=0 -o "src\\measure_config.o" "..\\src\\measure_config.c" 
gcc -IC:/eclipse/wsnet_ec/workspace_wsnet/wsnet_ec/include -IC:/eclipse/wsnet_ec/workspace_wsnet/wsnet_ec/src "-IC:\\MinGW\\bin" "-IC:\\MinGW\\include" "-IC:\\MinGW\\include\\gsl" "-IC:\\MinGW\\include\\libxml" "-IC:\\MinGW\\include\\glib-2.0\\" -O0 -g3 -Wall -c -fmessage-length=0 -o "src\\antenna.o" "..\\src\\antenna.c" 
gcc -IC:/eclipse/wsnet_ec/workspace_wsnet/wsnet_ec/include -IC:/eclipse/wsnet_ec/workspace_wsnet/wsnet_ec/src "-IC:\\MinGW\\bin" "-IC:\\MinGW\\include" "-IC:\\MinGW\\include\\gsl" "-IC:\\MinGW\\include\\libxml" "-IC:\\MinGW\\include\\glib-2.0\\" -O0 -g3 -Wall -c -fmessage-length=0 -o "src\\noise.o" "..\\src\\noise.c" 
gcc -IC:/eclipse/wsnet_ec/workspace_wsnet/wsnet_ec/include -IC:/eclipse/wsnet_ec/workspace_wsnet/wsnet_ec/src "-IC:\\MinGW\\bin" "-IC:\\MinGW\\include" "-IC:\\MinGW\\include\\gsl" "-IC:\\MinGW\\include\\libxml" "-IC:\\MinGW\\include\\glib-2.0\\" -O0 -g3 -Wall -c -fmessage-length=0 -o "src\\scheduler\\local\\scheduler.o" "..\\src\\scheduler\\local\\scheduler.c" 
gcc -IC:/eclipse/wsnet_ec/workspace_wsnet/wsnet_ec/include -IC:/eclipse/wsnet_ec/workspace_wsnet/wsnet_ec/src "-IC:\\MinGW\\bin" "-IC:\\MinGW\\include" "-IC:\\MinGW\\include\\gsl" "-IC:\\MinGW\\include\\libxml" "-IC:\\MinGW\\include\\glib-2.0\\" -O0 -g3 -Wall -c -fmessage-length=0 -o "libraries\\mem_fs\\malloc\\mem_fs.o" "..\\libraries\\mem_fs\\malloc\\mem_fs.c" 
gcc -IC:/eclipse/wsnet_ec/workspace_wsnet/wsnet_ec/include -IC:/eclipse/wsnet_ec/workspace_wsnet/wsnet_ec/src "-IC:\\MinGW\\bin" "-IC:\\MinGW\\include" "-IC:\\MinGW\\include\\gsl" "-IC:\\MinGW\\include\\libxml" "-IC:\\MinGW\\include\\glib-2.0\\" -O0 -g3 -Wall -c -fmessage-length=0 -o "src\\rng.o" "..\\src\\rng.c" 
gcc -IC:/eclipse/wsnet_ec/workspace_wsnet/wsnet_ec/include -IC:/eclipse/wsnet_ec/workspace_wsnet/wsnet_ec/src "-IC:\\MinGW\\bin" "-IC:\\MinGW\\include" "-IC:\\MinGW\\include\\gsl" "-IC:\\MinGW\\include\\libxml" "-IC:\\MinGW\\include\\glib-2.0\\" -O0 -g3 -Wall -c -fmessage-length=0 -o "src\\medium.o" "..\\src\\medium.c" 
gcc -IC:/eclipse/wsnet_ec/workspace_wsnet/wsnet_ec/include -IC:/eclipse/wsnet_ec/workspace_wsnet/wsnet_ec/src "-IC:\\MinGW\\bin" "-IC:\\MinGW\\include" "-IC:\\MinGW\\include\\gsl" "-IC:\\MinGW\\include\\libxml" "-IC:\\MinGW\\include\\glib-2.0\\" -O0 -g3 -Wall -c -fmessage-length=0 -o "src\\modelutils.o" "..\\src\\modelutils.c" 
gcc -IC:/eclipse/wsnet_ec/workspace_wsnet/wsnet_ec/include -IC:/eclipse/wsnet_ec/workspace_wsnet/wsnet_ec/src "-IC:\\MinGW\\bin" "-IC:\\MinGW\\include" "-IC:\\MinGW\\include\\gsl" "-IC:\\MinGW\\include\\libxml" "-IC:\\MinGW\\include\\glib-2.0\\" -O0 -g3 -Wall -c -fmessage-length=0 -o "src\\environment_config.o" "..\\src\\environment_config.c" 
gcc -IC:/eclipse/wsnet_ec/workspace_wsnet/wsnet_ec/include -IC:/eclipse/wsnet_ec/workspace_wsnet/wsnet_ec/src "-IC:\\MinGW\\bin" "-IC:\\MinGW\\include" "-IC:\\MinGW\\include\\gsl" "-IC:\\MinGW\\include\\libxml" "-IC:\\MinGW\\include\\glib-2.0\\" -O0 -g3 -Wall -c -fmessage-length=0 -o "libraries\\das\\list\\das.o" "..\\libraries\\das\\list\\das.c" 
gcc -IC:/eclipse/wsnet_ec/workspace_wsnet/wsnet_ec/include -IC:/eclipse/wsnet_ec/workspace_wsnet/wsnet_ec/src "-IC:\\MinGW\\bin" "-IC:\\MinGW\\include" "-IC:\\MinGW\\include\\gsl" "-IC:\\MinGW\\include\\libxml" "-IC:\\MinGW\\include\\glib-2.0\\" -O0 -g3 -Wall -c -fmessage-length=0 -o "src\\param.o" "..\\src\\param.c" 
gcc -IC:/eclipse/wsnet_ec/workspace_wsnet/wsnet_ec/include -IC:/eclipse/wsnet_ec/workspace_wsnet/wsnet_ec/src "-IC:\\MinGW\\bin" "-IC:\\MinGW\\include" "-IC:\\MinGW\\include\\gsl" "-IC:\\MinGW\\include\\libxml" "-IC:\\MinGW\\include\\glib-2.0\\" -O0 -g3 -Wall -c -fmessage-length=0 -o "libraries\\hadas\\hash\\hadas.o" "..\\libraries\\hadas\\hash\\hadas.c" 
gcc -IC:/eclipse/wsnet_ec/workspace_wsnet/wsnet_ec/include -IC:/eclipse/wsnet_ec/workspace_wsnet/wsnet_ec/src "-IC:\\MinGW\\bin" "-IC:\\MinGW\\include" "-IC:\\MinGW\\include\\gsl" "-IC:\\MinGW\\include\\libxml" "-IC:\\MinGW\\include\\glib-2.0\\" -O0 -g3 -Wall -c -fmessage-length=0 -o "libraries\\spadas\\grid\\spadas.o" "..\\libraries\\spadas\\grid\\spadas.c" 
gcc -IC:/eclipse/wsnet_ec/workspace_wsnet/wsnet_ec/include -IC:/eclipse/wsnet_ec/workspace_wsnet/wsnet_ec/src "-IC:\\MinGW\\bin" "-IC:\\MinGW\\include" "-IC:\\MinGW\\include\\gsl" "-IC:\\MinGW\\include\\libxml" "-IC:\\MinGW\\include\\glib-2.0\\" -O0 -g3 -Wall -c -fmessage-length=0 -o "src\\node.o" "..\\src\\node.c" 
gcc -IC:/eclipse/wsnet_ec/workspace_wsnet/wsnet_ec/include -IC:/eclipse/wsnet_ec/workspace_wsnet/wsnet_ec/src "-IC:\\MinGW\\bin" "-IC:\\MinGW\\include" "-IC:\\MinGW\\include\\gsl" "-IC:\\MinGW\\include\\libxml" "-IC:\\MinGW\\include\\glib-2.0\\" -O0 -g3 -Wall -c -fmessage-length=0 -o "src\\mobility.o" "..\\src\\mobility.c" 
gcc -IC:/eclipse/wsnet_ec/workspace_wsnet/wsnet_ec/include -IC:/eclipse/wsnet_ec/workspace_wsnet/wsnet_ec/src "-IC:\\MinGW\\bin" "-IC:\\MinGW\\include" "-IC:\\MinGW\\include\\gsl" "-IC:\\MinGW\\include\\libxml" "-IC:\\MinGW\\include\\glib-2.0\\" -O0 -g3 -Wall -c -fmessage-length=0 -o "src\\packet.o" "..\\src\\packet.c" 
gcc -IC:/eclipse/wsnet_ec/workspace_wsnet/wsnet_ec/include -IC:/eclipse/wsnet_ec/workspace_wsnet/wsnet_ec/src "-IC:\\MinGW\\bin" "-IC:\\MinGW\\include" "-IC:\\MinGW\\include\\gsl" "-IC:\\MinGW\\include\\libxml" "-IC:\\MinGW\\include\\glib-2.0\\" -O0 -g3 -Wall -c -fmessage-length=0 -o "src\\config.o" "..\\src\\config.c" 
gcc -IC:/eclipse/wsnet_ec/workspace_wsnet/wsnet_ec/include -IC:/eclipse/wsnet_ec/workspace_wsnet/wsnet_ec/src "-IC:\\MinGW\\bin" "-IC:\\MinGW\\include" "-IC:\\MinGW\\include\\gsl" "-IC:\\MinGW\\include\\libxml" "-IC:\\MinGW\\include\\glib-2.0\\" -O0 -g3 -Wall -c -fmessage-length=0 -o "src\\topology.o" "..\\src\\topology.c" 
gcc -IC:/eclipse/wsnet_ec/workspace_wsnet/wsnet_ec/include -IC:/eclipse/wsnet_ec/workspace_wsnet/wsnet_ec/src "-IC:\\MinGW\\bin" "-IC:\\MinGW\\include" "-IC:\\MinGW\\include\\gsl" "-IC:\\MinGW\\include\\libxml" "-IC:\\MinGW\\include\\glib-2.0\\" -O0 -g3 -Wall -c -fmessage-length=0 -o "src\\bundle.o" "..\\src\\bundle.c" 
gcc -IC:/eclipse/wsnet_ec/workspace_wsnet/wsnet_ec/include -IC:/eclipse/wsnet_ec/workspace_wsnet/wsnet_ec/src "-IC:\\MinGW\\bin" "-IC:\\MinGW\\include" "-IC:\\MinGW\\include\\gsl" "-IC:\\MinGW\\include\\libxml" "-IC:\\MinGW\\include\\glib-2.0\\" -O0 -g3 -Wall -c -fmessage-length=0 -o "src\\wsnet_2.o" "..\\src\\wsnet_2.c" 
gcc -static "-LC:\\MinGW\\lib" "-LC:\\MinGW\\gtk\\lib" -o wsnet_ec.exe "src\\wsnet_2.o" "src\\topology.o" "src\\scheduler\\local\\scheduler.o" "src\\rng.o" "src\\radio.o" "src\\probabilistic_distribution.o" "src\\param.o" "src\\packet.o" "src\\noise.o" "src\\node_config.o" "src\\node.o" "src\\monitor.o" "src\\modulation.o" "src\\modelutils.o" "src\\mobility.o" "src\\medium.o" "src\\measure_config.o" "src\\measure.o" "src\\ioctl_message.o" "src\\environment_config.o" "src\\entity_config.o" "src\\entity.o" "src\\config.o" "src\\bundle_config.o" "src\\bundle.o" "src\\battery.o" "src\\antenna.o" "libraries\\worldsens\\wsens_srv.o" "libraries\\worldsens\\worldsens_pkt.o" "libraries\\timer\\timer.o" "libraries\\spadas\\grid\\spadas.o" "libraries\\sodas\\heap\\sodas.o" "libraries\\mem_fs\\malloc\\mem_fs.o" "libraries\\hadas\\hash\\hadas.o" "libraries\\das\\list\\das.o" -lglib-2.0 -lgmodule-2.0 -lintl -lws2_32 -lm -lgslcblas -lgsl -lxml2 -lwsock32 -liconv 
